<?xml version="1.0" encoding="UTF-8"?>
<!-- Generated by org.testng.reporters.JUnitReportReporter -->
<testsuite hostname="hp" name="tests.LoginTest" tests="1" failures="0" timestamp="27 Nov 2022 18:20:34 GMT" time="3.501" errors="0">
  <testcase name="login" time="3.501" classname="tests.LoginTest"/>
</testsuite> <!-- tests.LoginTest -->
